<?xml version="1.0" encoding="UTF-8"?>
<coverage generated="1536081203456" clover="3.2.0">
  <project timestamp="1536081203456" name="All files">
    <metrics statements="71" coveredstatements="70" conditionals="7" coveredconditionals="5" methods="17" coveredmethods="17" elements="95" coveredelements="92" complexity="0" loc="71" ncloc="71" packages="7" files="12" classes="12">
      <package name="src">
        <metrics statements="3" coveredstatements="3" conditionals="0" coveredconditionals="0" methods="0" coveredmethods="0"/>
        <file name="constants.ts" path="/Users/development/Desktop/instagram/packages/server/src/constants.ts">
          <metrics statements="3" coveredstatements="3" conditionals="0" coveredconditionals="0" methods="0" coveredmethods="0"/>
          <line num="1" count="1" type="stmt"/>
          <line num="2" count="1" type="stmt"/>
          <line num="3" count="1" type="stmt"/>
        </file>
      </package>
      <package name="src.entity">
        <metrics statements="20" coveredstatements="20" conditionals="6" coveredconditionals="4" methods="1" coveredmethods="1"/>
        <file name="Book.ts" path="/Users/development/Desktop/instagram/packages/server/src/entity/Book.ts">
          <metrics statements="6" coveredstatements="6" conditionals="3" coveredconditionals="2" methods="0" coveredmethods="0"/>
          <line num="1" count="6" type="stmt"/>
          <line num="4" count="6" type="stmt"/>
          <line num="6" count="6" type="stmt"/>
          <line num="9" count="6" type="stmt"/>
          <line num="12" count="6" type="stmt"/>
          <line num="15" count="6" type="cond" truecount="2" falsecount="1"/>
        </file>
        <file name="User.ts" path="/Users/development/Desktop/instagram/packages/server/src/entity/User.ts">
          <metrics statements="14" coveredstatements="14" conditionals="3" coveredconditionals="2" methods="1" coveredmethods="1"/>
          <line num="1" count="6" type="stmt"/>
          <line num="2" count="6" type="stmt"/>
          <line num="10" count="6" type="stmt"/>
          <line num="12" count="6" type="stmt"/>
          <line num="15" count="6" type="stmt"/>
          <line num="18" count="6" type="stmt"/>
          <line num="21" count="6" type="stmt"/>
          <line num="24" count="6" type="stmt"/>
          <line num="27" count="6" type="stmt"/>
          <line num="30" count="6" type="cond" truecount="2" falsecount="1"/>
          <line num="33" count="6" type="stmt"/>
          <line num="36" count="6" type="stmt"/>
          <line num="39" count="6" type="stmt"/>
          <line num="40" count="4" type="stmt"/>
        </file>
      </package>
      <package name="src.modules.user.forgotPassword">
        <metrics statements="2" coveredstatements="2" conditionals="0" coveredconditionals="0" methods="0" coveredmethods="0"/>
        <file name="errorMessages.ts" path="/Users/development/Desktop/instagram/packages/server/src/modules/user/forgotPassword/errorMessages.ts">
          <metrics statements="2" coveredstatements="2" conditionals="0" coveredconditionals="0" methods="0" coveredmethods="0"/>
          <line num="1" count="1" type="stmt"/>
          <line num="2" count="1" type="stmt"/>
        </file>
      </package>
      <package name="src.modules.user.login">
        <metrics statements="3" coveredstatements="3" conditionals="0" coveredconditionals="0" methods="0" coveredmethods="0"/>
        <file name="errorMessages.ts" path="/Users/development/Desktop/instagram/packages/server/src/modules/user/login/errorMessages.ts">
          <metrics statements="3" coveredstatements="3" conditionals="0" coveredconditionals="0" methods="0" coveredmethods="0"/>
          <line num="1" count="2" type="stmt"/>
          <line num="2" count="2" type="stmt"/>
          <line num="3" count="2" type="stmt"/>
        </file>
      </package>
      <package name="src.modules.user.register">
        <metrics statements="10" coveredstatements="10" conditionals="0" coveredconditionals="0" methods="2" coveredmethods="2"/>
        <file name="createConfirmEmailLink.ts" path="/Users/development/Desktop/instagram/packages/server/src/modules/user/register/createConfirmEmailLink.ts">
          <metrics statements="6" coveredstatements="6" conditionals="0" coveredconditionals="0" methods="2" coveredmethods="2"/>
          <line num="1" count="1" type="stmt"/>
          <line num="6" count="1" type="stmt"/>
          <line num="10" count="1" type="stmt"/>
          <line num="11" count="1" type="stmt"/>
          <line num="12" count="1" type="stmt"/>
          <line num="13" count="1" type="stmt"/>
        </file>
        <file name="errorMessages.ts" path="/Users/development/Desktop/instagram/packages/server/src/modules/user/register/errorMessages.ts">
          <metrics statements="4" coveredstatements="4" conditionals="0" coveredconditionals="0" methods="0" coveredmethods="0"/>
          <line num="1" count="1" type="stmt"/>
          <line num="2" count="1" type="stmt"/>
          <line num="3" count="1" type="stmt"/>
          <line num="4" count="1" type="stmt"/>
        </file>
      </package>
      <package name="src.testUtils">
        <metrics statements="4" coveredstatements="4" conditionals="1" coveredconditionals="1" methods="2" coveredmethods="2"/>
        <file name="createTestConnection.ts" path="/Users/development/Desktop/instagram/packages/server/src/testUtils/createTestConnection.ts">
          <metrics statements="4" coveredstatements="4" conditionals="1" coveredconditionals="1" methods="2" coveredmethods="2"/>
          <line num="1" count="6" type="stmt"/>
          <line num="3" count="6" type="cond" truecount="1" falsecount="0"/>
          <line num="4" count="6" type="stmt"/>
          <line num="5" count="6" type="stmt"/>
        </file>
      </package>
      <package name="src.utils">
        <metrics statements="29" coveredstatements="28" conditionals="0" coveredconditionals="0" methods="12" coveredmethods="12"/>
        <file name="TestClient.ts" path="/Users/development/Desktop/instagram/packages/server/src/utils/TestClient.ts">
          <metrics statements="9" coveredstatements="9" conditionals="0" coveredconditionals="0" methods="6" coveredmethods="6"/>
          <line num="1" count="5" type="stmt"/>
          <line num="3" count="5" type="stmt"/>
          <line num="11" count="15" type="stmt"/>
          <line num="12" count="15" type="stmt"/>
          <line num="26" count="6" type="stmt"/>
          <line num="51" count="2" type="stmt"/>
          <line num="64" count="3" type="stmt"/>
          <line num="80" count="8" type="stmt"/>
          <line num="96" count="10" type="stmt"/>
        </file>
        <file name="createForgotPasswordLink.ts" path="/Users/development/Desktop/instagram/packages/server/src/utils/createForgotPasswordLink.ts">
          <metrics statements="7" coveredstatements="7" conditionals="0" coveredconditionals="0" methods="2" coveredmethods="2"/>
          <line num="1" count="1" type="stmt"/>
          <line num="3" count="1" type="stmt"/>
          <line num="5" count="1" type="stmt"/>
          <line num="9" count="1" type="stmt"/>
          <line num="10" count="1" type="stmt"/>
          <line num="11" count="1" type="stmt"/>
          <line num="12" count="1" type="stmt"/>
        </file>
        <file name="forgotPasswordLockAccount.ts" path="/Users/development/Desktop/instagram/packages/server/src/utils/forgotPasswordLockAccount.ts">
          <metrics statements="6" coveredstatements="6" conditionals="0" coveredconditionals="0" methods="2" coveredmethods="2"/>
          <line num="2" count="1" type="stmt"/>
          <line num="3" count="1" type="stmt"/>
          <line num="5" count="1" type="stmt"/>
          <line num="8" count="1" type="stmt"/>
          <line num="10" count="1" type="stmt"/>
          <line num="12" count="1" type="stmt"/>
        </file>
        <file name="removeAllUsersSessions.ts" path="/Users/development/Desktop/instagram/packages/server/src/utils/removeAllUsersSessions.ts">
          <metrics statements="7" coveredstatements="6" conditionals="0" coveredconditionals="0" methods="2" coveredmethods="2"/>
          <line num="2" count="1" type="stmt"/>
          <line num="4" count="1" type="stmt"/>
          <line num="5" count="1" type="stmt"/>
          <line num="10" count="1" type="stmt"/>
          <line num="11" count="1" type="stmt"/>
          <line num="12" count="0" type="stmt"/>
          <line num="14" count="1" type="stmt"/>
        </file>
      </package>
    </metrics>
  </project>
</coverage>
