{"/Users/development/Desktop/instagram/packages/server/src/constants.ts": {"path":"/Users/development/Desktop/instagram/packages/server/src/constants.ts","statementMap":{"0":{"start":{"line":1,"column":13},"end":{"line":1,"column":41}},"1":{"start":{"line":2,"column":13},"end":{"line":2,"column":46}},"2":{"start":{"line":3,"column":13},"end":{"line":3,"column":53}}},"fnMap":{},"branchMap":{},"s":{"0":1,"1":1,"2":1},"f":{},"b":{}}
,"/Users/development/Desktop/instagram/packages/server/src/entity/Book.ts": {"path":"/Users/development/Desktop/instagram/packages/server/src/entity/Book.ts","statementMap":{"0":{"start":{"line":1,"column":0},"end":{"line":1,"column":75}},"1":{"start":{"line":4,"column":0},"end":{"line":16,"column":1}},"2":{"start":{"line":6,"column":2},"end":{"line":6,"column":12}},"3":{"start":{"line":9,"column":2},"end":{"line":9,"column":15}},"4":{"start":{"line":12,"column":2},"end":{"line":12,"column":16}},"5":{"start":{"line":15,"column":2},"end":{"line":15,"column":17}},"6":{"start":{"line":4,"column":13},"end":{"line":16,"column":1}},"7":{"start":{"line":4,"column":13},"end":{"line":4,"column":17}}},"fnMap":{},"branchMap":{"0":{"loc":{"start":{"line":15,"column":17},"end":{"line":null,"column":-1}},"type":"cond-expr","locations":[{"start":{"line":15,"column":17},"end":{"line":null,"column":-1}},{"start":{"line":15,"column":17},"end":{"line":null,"column":-1}}]},"1":{"loc":{"start":{"line":15,"column":13},"end":{"line":15,"column":17}},"type":"binary-expr","locations":[{"start":{"line":15,"column":13},"end":{"line":15,"column":17}}]}},"s":{"0":6,"1":6,"2":6,"3":6,"4":6,"5":6,"6":6,"7":6},"f":{},"b":{"0":[6,0],"1":[6]}}
,"/Users/development/Desktop/instagram/packages/server/src/entity/User.ts": {"path":"/Users/development/Desktop/instagram/packages/server/src/entity/User.ts","statementMap":{"0":{"start":{"line":1,"column":0},"end":{"line":1,"column":33}},"1":{"start":{"line":2,"column":0},"end":{"line":8,"column":15}},"2":{"start":{"line":10,"column":0},"end":{"line":42,"column":1}},"3":{"start":{"line":40,"column":4},"end":{"line":40,"column":56}},"4":{"start":{"line":12,"column":2},"end":{"line":12,"column":12}},"5":{"start":{"line":15,"column":2},"end":{"line":15,"column":19}},"6":{"start":{"line":18,"column":2},"end":{"line":18,"column":18}},"7":{"start":{"line":21,"column":2},"end":{"line":21,"column":15}},"8":{"start":{"line":24,"column":2},"end":{"line":24,"column":18}},"9":{"start":{"line":27,"column":2},"end":{"line":27,"column":18}},"10":{"start":{"line":30,"column":2},"end":{"line":30,"column":20}},"11":{"start":{"line":33,"column":2},"end":{"line":33,"column":20}},"12":{"start":{"line":36,"column":2},"end":{"line":36,"column":31}},"13":{"start":{"line":39,"column":2},"end":{"line":41,"column":3}},"14":{"start":{"line":10,"column":13},"end":{"line":42,"column":1}},"15":{"start":{"line":10,"column":13},"end":{"line":10,"column":17}}},"fnMap":{"0":{"name":"(anonymous_8)","decl":{"start":{"line":39,"column":8},"end":{"line":39,"column":31}},"loc":{"start":{"line":39,"column":32},"end":{"line":41,"column":3}}}},"branchMap":{"0":{"loc":{"start":{"line":30,"column":20},"end":{"line":null,"column":-1}},"type":"cond-expr","locations":[{"start":{"line":30,"column":20},"end":{"line":null,"column":-1}},{"start":{"line":30,"column":20},"end":{"line":null,"column":-1}}]},"1":{"loc":{"start":{"line":30,"column":16},"end":{"line":30,"column":20}},"type":"binary-expr","locations":[{"start":{"line":30,"column":16},"end":{"line":30,"column":20}}]}},"s":{"0":6,"1":6,"2":6,"3":4,"4":6,"5":6,"6":6,"7":6,"8":6,"9":6,"10":6,"11":6,"12":6,"13":6,"14":6,"15":6},"f":{"0":4},"b":{"0":[6,0],"1":[6]}}
,"/Users/development/Desktop/instagram/packages/server/src/modules/user/forgotPassword/errorMessages.ts": {"path":"/Users/development/Desktop/instagram/packages/server/src/modules/user/forgotPassword/errorMessages.ts","statementMap":{"0":{"start":{"line":1,"column":13},"end":{"line":1,"column":48}},"1":{"start":{"line":2,"column":13},"end":{"line":2,"column":70}}},"fnMap":{},"branchMap":{},"s":{"0":1,"1":1},"f":{},"b":{}}
,"/Users/development/Desktop/instagram/packages/server/src/modules/user/login/errorMessages.ts": {"path":"/Users/development/Desktop/instagram/packages/server/src/modules/user/login/errorMessages.ts","statementMap":{"0":{"start":{"line":1,"column":13},"end":{"line":1,"column":43}},"1":{"start":{"line":2,"column":13},"end":{"line":2,"column":60}},"2":{"start":{"line":3,"column":13},"end":{"line":3,"column":60}}},"fnMap":{},"branchMap":{},"s":{"0":2,"1":2,"2":2},"f":{},"b":{}}
,"/Users/development/Desktop/instagram/packages/server/src/modules/user/register/createConfirmEmailLink.ts": {"path":"/Users/development/Desktop/instagram/packages/server/src/modules/user/register/createConfirmEmailLink.ts","statementMap":{"0":{"start":{"line":1,"column":0},"end":{"line":1,"column":24}},"1":{"start":{"line":6,"column":13},"end":{"line":14,"column":1}},"2":{"start":{"line":10,"column":4},"end":{"line":14,"column":1}},"3":{"start":{"line":11,"column":13},"end":{"line":11,"column":17}},"4":{"start":{"line":12,"column":2},"end":{"line":12,"column":49}},"5":{"start":{"line":13,"column":2},"end":{"line":13,"column":31}}},"fnMap":{"0":{"name":"(anonymous_6)","decl":{"start":{"line":6,"column":38},"end":{"line":7,"column":2}},"loc":{"start":{"line":10,"column":4},"end":{"line":14,"column":1}}},"1":{"name":"(anonymous_7)","decl":{"start":{"line":10,"column":4},"end":{"line":null,"column":-1}},"loc":{"start":{"line":10,"column":4},"end":{"line":14,"column":1}}}},"branchMap":{},"s":{"0":1,"1":1,"2":1,"3":1,"4":1,"5":1},"f":{"0":1,"1":1},"b":{}}
,"/Users/development/Desktop/instagram/packages/server/src/modules/user/register/errorMessages.ts": {"path":"/Users/development/Desktop/instagram/packages/server/src/modules/user/register/errorMessages.ts","statementMap":{"0":{"start":{"line":1,"column":13},"end":{"line":1,"column":45}},"1":{"start":{"line":2,"column":13},"end":{"line":2,"column":71}},"2":{"start":{"line":3,"column":13},"end":{"line":3,"column":57}},"3":{"start":{"line":4,"column":13},"end":{"line":4,"column":77}}},"fnMap":{},"branchMap":{},"s":{"0":1,"1":1,"2":1,"3":1},"f":{},"b":{}}
,"/Users/development/Desktop/instagram/packages/server/src/testUtils/createTestConnection.ts": {"path":"/Users/development/Desktop/instagram/packages/server/src/testUtils/createTestConnection.ts","statementMap":{"0":{"start":{"line":1,"column":0},"end":{"line":1,"column":63}},"1":{"start":{"line":3,"column":13},"end":{"line":11,"column":1}},"2":{"start":{"line":3,"column":71},"end":{"line":11,"column":1}},"3":{"start":{"line":4,"column":28},"end":{"line":4,"column":76}},"4":{"start":{"line":5,"column":2},"end":{"line":10,"column":4}}},"fnMap":{"0":{"name":"(anonymous_6)","decl":{"start":{"line":3,"column":36},"end":{"line":3,"column":43}},"loc":{"start":{"line":3,"column":71},"end":{"line":11,"column":1}}},"1":{"name":"(anonymous_7)","decl":{"start":{"line":3,"column":71},"end":{"line":null,"column":-1}},"loc":{"start":{"line":3,"column":71},"end":{"line":11,"column":1}}}},"branchMap":{"0":{"loc":{"start":{"line":3,"column":62},"end":{"line":3,"column":67}},"type":"default-arg","locations":[{"start":{"line":3,"column":62},"end":{"line":3,"column":67}}]}},"s":{"0":6,"1":6,"2":6,"3":6,"4":6},"f":{"0":6,"1":6},"b":{"0":[6]}}
,"/Users/development/Desktop/instagram/packages/server/src/utils/TestClient.ts": {"path":"/Users/development/Desktop/instagram/packages/server/src/utils/TestClient.ts","statementMap":{"0":{"start":{"line":1,"column":0},"end":{"line":1,"column":36}},"1":{"start":{"line":11,"column":4},"end":{"line":11,"column":18}},"2":{"start":{"line":12,"column":4},"end":{"line":16,"column":5}},"3":{"start":{"line":26,"column":4},"end":{"line":47,"column":6}},"4":{"start":{"line":51,"column":4},"end":{"line":60,"column":6}},"5":{"start":{"line":64,"column":4},"end":{"line":76,"column":6}},"6":{"start":{"line":80,"column":4},"end":{"line":92,"column":6}},"7":{"start":{"line":96,"column":4},"end":{"line":109,"column":6}},"8":{"start":{"line":3,"column":0},"end":{"line":111,"column":1}}},"fnMap":{"0":{"name":"(anonymous_6)","decl":{"start":{"line":10,"column":2},"end":{"line":10,"column":13}},"loc":{"start":{"line":10,"column":25},"end":{"line":17,"column":3}}},"1":{"name":"(anonymous_7)","decl":{"start":{"line":19,"column":8},"end":{"line":19,"column":15}},"loc":{"start":{"line":24,"column":20},"end":{"line":48,"column":3}}},"2":{"name":"(anonymous_9)","decl":{"start":{"line":50,"column":8},"end":{"line":50,"column":13}},"loc":{"start":{"line":50,"column":14},"end":{"line":61,"column":3}}},"3":{"name":"(anonymous_11)","decl":{"start":{"line":63,"column":8},"end":{"line":63,"column":27}},"loc":{"start":{"line":63,"column":61},"end":{"line":77,"column":3}}},"4":{"name":"(anonymous_13)","decl":{"start":{"line":79,"column":8},"end":{"line":79,"column":9}},"loc":{"start":{"line":79,"column":10},"end":{"line":93,"column":3}}},"5":{"name":"(anonymous_15)","decl":{"start":{"line":95,"column":8},"end":{"line":95,"column":12}},"loc":{"start":{"line":95,"column":45},"end":{"line":110,"column":3}}}},"branchMap":{},"s":{"0":5,"1":15,"2":15,"3":6,"4":2,"5":3,"6":8,"7":10,"8":5},"f":{"0":15,"1":6,"2":2,"3":3,"4":8,"5":10},"b":{}}
,"/Users/development/Desktop/instagram/packages/server/src/utils/createForgotPasswordLink.ts": {"path":"/Users/development/Desktop/instagram/packages/server/src/utils/createForgotPasswordLink.ts","statementMap":{"0":{"start":{"line":1,"column":0},"end":{"line":1,"column":25}},"1":{"start":{"line":3,"column":0},"end":{"line":3,"column":51}},"2":{"start":{"line":5,"column":13},"end":{"line":13,"column":2}},"3":{"start":{"line":9,"column":4},"end":{"line":13,"column":1}},"4":{"start":{"line":10,"column":13},"end":{"line":10,"column":17}},"5":{"start":{"line":11,"column":2},"end":{"line":11,"column":73}},"6":{"start":{"line":12,"column":2},"end":{"line":12,"column":40}}},"fnMap":{"0":{"name":"(anonymous_6)","decl":{"start":{"line":5,"column":40},"end":{"line":6,"column":2}},"loc":{"start":{"line":9,"column":4},"end":{"line":13,"column":1}}},"1":{"name":"(anonymous_7)","decl":{"start":{"line":9,"column":4},"end":{"line":null,"column":-1}},"loc":{"start":{"line":9,"column":4},"end":{"line":13,"column":1}}}},"branchMap":{},"s":{"0":1,"1":1,"2":1,"3":1,"4":1,"5":1,"6":1},"f":{"0":1,"1":1},"b":{}}
,"/Users/development/Desktop/instagram/packages/server/src/utils/forgotPasswordLockAccount.ts": {"path":"/Users/development/Desktop/instagram/packages/server/src/utils/forgotPasswordLockAccount.ts","statementMap":{"0":{"start":{"line":2,"column":0},"end":{"line":2,"column":65}},"1":{"start":{"line":3,"column":0},"end":{"line":3,"column":37}},"2":{"start":{"line":5,"column":13},"end":{"line":13,"column":2}},"3":{"start":{"line":8,"column":4},"end":{"line":13,"column":1}},"4":{"start":{"line":10,"column":2},"end":{"line":10,"column":68}},"5":{"start":{"line":12,"column":2},"end":{"line":12,"column":46}}},"fnMap":{"0":{"name":"(anonymous_6)","decl":{"start":{"line":5,"column":41},"end":{"line":6,"column":2}},"loc":{"start":{"line":8,"column":4},"end":{"line":13,"column":1}}},"1":{"name":"(anonymous_7)","decl":{"start":{"line":8,"column":4},"end":{"line":null,"column":-1}},"loc":{"start":{"line":8,"column":4},"end":{"line":13,"column":1}}}},"branchMap":{},"s":{"0":1,"1":1,"2":1,"3":1,"4":1,"5":1},"f":{"0":1,"1":1},"b":{}}
,"/Users/development/Desktop/instagram/packages/server/src/utils/removeAllUsersSessions.ts": {"path":"/Users/development/Desktop/instagram/packages/server/src/utils/removeAllUsersSessions.ts","statementMap":{"0":{"start":{"line":2,"column":0},"end":{"line":2,"column":69}},"1":{"start":{"line":4,"column":13},"end":{"line":15,"column":1}},"2":{"start":{"line":4,"column":77},"end":{"line":15,"column":1}},"3":{"start":{"line":5,"column":21},"end":{"line":9,"column":3}},"4":{"start":{"line":10,"column":19},"end":{"line":10,"column":21}},"5":{"start":{"line":11,"column":2},"end":{"line":13,"column":3}},"6":{"start":{"line":12,"column":4},"end":{"line":12,"column":58}},"7":{"start":{"line":14,"column":2},"end":{"line":14,"column":29}}},"fnMap":{"0":{"name":"(anonymous_6)","decl":{"start":{"line":4,"column":38},"end":{"line":4,"column":45}},"loc":{"start":{"line":4,"column":77},"end":{"line":15,"column":1}}},"1":{"name":"(anonymous_7)","decl":{"start":{"line":4,"column":77},"end":{"line":null,"column":-1}},"loc":{"start":{"line":4,"column":77},"end":{"line":15,"column":1}}}},"branchMap":{},"s":{"0":1,"1":1,"2":1,"3":1,"4":1,"5":1,"6":0,"7":1},"f":{"0":1,"1":1},"b":{}}
}
