{"/Users/development/Desktop/instagram/packages/server/src/modules/user/forgotPassword/resolvers.ts": {"path":"/Users/development/Desktop/instagram/packages/server/src/modules/user/forgotPassword/resolvers.ts","statementMap":{"0":{"start":{"line":1,"column":0},"end":{"line":1,"column":-1}},"1":{"start":{"line":2,"column":0},"end":{"line":2,"column":-1}},"2":{"start":{"line":5,"column":0},"end":{"line":5,"column":-1}},"3":{"start":{"line":6,"column":0},"end":{"line":6,"column":-1}},"4":{"start":{"line":7,"column":0},"end":{"line":7,"column":-1}},"5":{"start":{"line":8,"column":0},"end":{"line":8,"column":-1}},"6":{"start":{"line":9,"column":0},"end":{"line":9,"column":-1}},"7":{"start":{"line":10,"column":0},"end":{"line":10,"column":-1}},"8":{"start":{"line":13,"column":13},"end":{"line":null,"column":-1}},"9":{"start":{"line":19,"column":8},"end":{"line":14,"column":12}},"10":{"start":{"line":20,"column":19},"end":{"line":20,"column":6}},"11":{"start":{"line":21,"column":6},"end":{"line":29,"column":7}},"12":{"start":{"line":22,"column":8},"end":{"line":null,"column":-1}},"13":{"start":{"line":32,"column":18},"end":{"line":32,"column":6}},"14":{"start":{"line":37,"column":6},"end":{"line":null,"column":-1}},"15":{"start":{"line":38,"column":6},"end":{"line":null,"column":-1}},"16":{"start":{"line":44,"column":8},"end":{"line":null,"column":-1}},"17":{"start":{"line":45,"column":23},"end":{"line":45,"column":6}},"18":{"start":{"line":47,"column":21},"end":{"line":47,"column":6}},"19":{"start":{"line":48,"column":6},"end":{"line":55,"column":7}},"20":{"start":{"line":49,"column":8},"end":{"line":null,"column":-1}},"21":{"start":{"line":57,"column":6},"end":{"line":64,"column":7}},"22":{"start":{"line":58,"column":8},"end":{"line":null,"column":-1}},"23":{"start":{"line":63,"column":8},"end":{"line":null,"column":-1}},"24":{"start":{"line":66,"column":29},"end":{"line":66,"column":6}},"25":{"start":{"line":68,"column":28},"end":{"line":68,"column":6}},"26":{"start":{"line":76,"column":31},"end":{"line":76,"column":6}},"27":{"start":{"line":78,"column":6},"end":{"line":null,"column":-1}},"28":{"start":{"line":80,"column":6},"end":{"line":null,"column":-1}}},"fnMap":{"0":{"name":"(anonymous_6)","decl":{"start":{"line":15,"column":29},"end":{"line":16,"column":6}},"loc":{"start":{"line":19,"column":8},"end":{"line":14,"column":12}}},"1":{"name":"(anonymous_7)","decl":{"start":{"line":19,"column":8},"end":{"line":19,"column":7}},"loc":{"start":{"line":19,"column":8},"end":{"line":19,"column":7}}},"2":{"name":"(anonymous_8)","decl":{"start":{"line":40,"column":26},"end":{"line":41,"column":6}},"loc":{"start":{"line":44,"column":8},"end":{"line":null,"column":-1}}},"3":{"name":"(anonymous_9)","decl":{"start":{"line":44,"column":8},"end":{"line":44,"column":7}},"loc":{"start":{"line":44,"column":8},"end":{"line":44,"column":7}}}},"branchMap":{"0":{"loc":{"start":{"line":21,"column":6},"end":{"line":29,"column":7}},"type":"if","locations":[{"start":{"line":21,"column":6},"end":{"line":29,"column":7}},{"start":{"line":21,"column":6},"end":{"line":29,"column":7}}]},"1":{"loc":{"start":{"line":48,"column":6},"end":{"line":55,"column":7}},"type":"if","locations":[{"start":{"line":48,"column":6},"end":{"line":55,"column":7}},{"start":{"line":48,"column":6},"end":{"line":55,"column":7}}]}},"s":{"0":0,"1":0,"2":0,"3":0,"4":0,"5":0,"6":0,"7":0,"8":0,"9":0,"10":0,"11":0,"12":0,"13":0,"14":0,"15":0,"16":0,"17":0,"18":0,"19":0,"20":0,"21":0,"22":0,"23":0,"24":0,"25":0,"26":0,"27":0,"28":0},"f":{"0":0,"1":0,"2":0,"3":0},"b":{"0":[0,0],"1":[0,0]}}
,"/Users/development/Desktop/instagram/packages/server/src/modules/user/login/resolvers.ts": {"path":"/Users/development/Desktop/instagram/packages/server/src/modules/user/login/resolvers.ts","statementMap":{"0":{"start":{"line":1,"column":0},"end":{"line":1,"column":-1}},"1":{"start":{"line":2,"column":0},"end":{"line":2,"column":-1}},"2":{"start":{"line":8,"column":0},"end":{"line":8,"column":-1}},"3":{"start":{"line":9,"column":0},"end":{"line":9,"column":-1}},"4":{"start":{"line":11,"column":0},"end":{"line":11,"column":-1}},"5":{"start":{"line":13,"column":22},"end":{"line":13,"column":0}},"6":{"start":{"line":20,"column":13},"end":{"line":null,"column":-1}},"7":{"start":{"line":26,"column":8},"end":{"line":null,"column":-1}},"8":{"start":{"line":29,"column":10},"end":{"line":27,"column":6}},"9":{"start":{"line":31,"column":19},"end":{"line":31,"column":6}},"10":{"start":{"line":42,"column":6},"end":{"line":44,"column":7}},"11":{"start":{"line":43,"column":8},"end":{"line":null,"column":-1}},"12":{"start":{"line":46,"column":6},"end":{"line":53,"column":7}},"13":{"start":{"line":47,"column":8},"end":{"line":null,"column":-1}},"14":{"start":{"line":55,"column":6},"end":{"line":63,"column":7}},"15":{"start":{"line":56,"column":8},"end":{"line":null,"column":-1}},"16":{"start":{"line":65,"column":25},"end":{"line":65,"column":6}},"17":{"start":{"line":67,"column":6},"end":{"line":69,"column":7}},"18":{"start":{"line":68,"column":8},"end":{"line":null,"column":-1}},"19":{"start":{"line":71,"column":6},"end":{"line":null,"column":-1}},"20":{"start":{"line":72,"column":6},"end":{"line":74,"column":7}},"21":{"start":{"line":73,"column":8},"end":{"line":null,"column":-1}},"22":{"start":{"line":76,"column":6},"end":{"line":null,"column":-1}}},"fnMap":{"0":{"name":"(anonymous_6)","decl":{"start":{"line":22,"column":11},"end":{"line":23,"column":6}},"loc":{"start":{"line":26,"column":8},"end":{"line":null,"column":-1}}},"1":{"name":"(anonymous_7)","decl":{"start":{"line":26,"column":8},"end":{"line":26,"column":7}},"loc":{"start":{"line":26,"column":8},"end":{"line":26,"column":7}}}},"branchMap":{"0":{"loc":{"start":{"line":42,"column":6},"end":{"line":44,"column":7}},"type":"if","locations":[{"start":{"line":42,"column":6},"end":{"line":44,"column":7}},{"start":{"line":42,"column":6},"end":{"line":44,"column":7}}]},"1":{"loc":{"start":{"line":46,"column":6},"end":{"line":53,"column":7}},"type":"if","locations":[{"start":{"line":46,"column":6},"end":{"line":53,"column":7}},{"start":{"line":46,"column":6},"end":{"line":53,"column":7}}]},"2":{"loc":{"start":{"line":55,"column":6},"end":{"line":63,"column":7}},"type":"if","locations":[{"start":{"line":55,"column":6},"end":{"line":63,"column":7}},{"start":{"line":55,"column":6},"end":{"line":63,"column":7}}]},"3":{"loc":{"start":{"line":67,"column":6},"end":{"line":69,"column":7}},"type":"if","locations":[{"start":{"line":67,"column":6},"end":{"line":69,"column":7}},{"start":{"line":67,"column":6},"end":{"line":69,"column":7}}]},"4":{"loc":{"start":{"line":72,"column":6},"end":{"line":74,"column":7}},"type":"if","locations":[{"start":{"line":72,"column":6},"end":{"line":74,"column":7}},{"start":{"line":72,"column":6},"end":{"line":74,"column":7}}]}},"s":{"0":0,"1":0,"2":0,"3":0,"4":0,"5":0,"6":0,"7":0,"8":0,"9":0,"10":0,"11":0,"12":0,"13":0,"14":0,"15":0,"16":0,"17":0,"18":0,"19":0,"20":0,"21":0,"22":0},"f":{"0":0,"1":0},"b":{"0":[0,0],"1":[0,0],"2":[0,0],"3":[0,0],"4":[0,0]}}
,"/Users/development/Desktop/instagram/packages/server/src/modules/user/register/createConfirmEmailLink.ts": {"path":"/Users/development/Desktop/instagram/packages/server/src/modules/user/register/createConfirmEmailLink.ts","statementMap":{"0":{"start":{"line":1,"column":0},"end":{"line":1,"column":24}},"1":{"start":{"line":6,"column":13},"end":{"line":14,"column":1}},"2":{"start":{"line":10,"column":4},"end":{"line":14,"column":1}},"3":{"start":{"line":11,"column":13},"end":{"line":11,"column":17}},"4":{"start":{"line":12,"column":2},"end":{"line":12,"column":49}},"5":{"start":{"line":13,"column":2},"end":{"line":13,"column":31}}},"fnMap":{"0":{"name":"(anonymous_6)","decl":{"start":{"line":6,"column":38},"end":{"line":7,"column":2}},"loc":{"start":{"line":10,"column":4},"end":{"line":14,"column":1}}},"1":{"name":"(anonymous_7)","decl":{"start":{"line":10,"column":4},"end":{"line":null,"column":-1}},"loc":{"start":{"line":10,"column":4},"end":{"line":14,"column":1}}}},"branchMap":{},"s":{"0":1,"1":1,"2":1,"3":1,"4":1,"5":1},"f":{"0":1,"1":1},"b":{}}
,"/Users/development/Desktop/instagram/packages/server/src/modules/user/register/resolvers.ts": {"path":"/Users/development/Desktop/instagram/packages/server/src/modules/user/register/resolvers.ts","statementMap":{"0":{"start":{"line":1,"column":0},"end":{"line":1,"column":-1}},"1":{"start":{"line":2,"column":0},"end":{"line":2,"column":-1}},"2":{"start":{"line":8,"column":0},"end":{"line":8,"column":-1}},"3":{"start":{"line":10,"column":0},"end":{"line":10,"column":-1}},"4":{"start":{"line":12,"column":0},"end":{"line":12,"column":-1}},"5":{"start":{"line":13,"column":0},"end":{"line":13,"column":-1}},"6":{"start":{"line":15,"column":15},"end":{"line":15,"column":0}},"7":{"start":{"line":27,"column":13},"end":{"line":null,"column":-1}},"8":{"start":{"line":29,"column":28},"end":{"line":null,"column":-1}},"9":{"start":{"line":30,"column":20},"end":{"line":30,"column":6}},"10":{"start":{"line":31,"column":6},"end":{"line":null,"column":-1}},"11":{"start":{"line":35,"column":76},"end":{"line":null,"column":-1}},"12":{"start":{"line":36,"column":6},"end":{"line":null,"column":-1}},"13":{"start":{"line":39,"column":10},"end":{"line":37,"column":6}},"14":{"start":{"line":40,"column":6},"end":{"line":44,"column":7}},"15":{"start":{"line":41,"column":8},"end":{"line":null,"column":-1}},"16":{"start":{"line":43,"column":8},"end":{"line":null,"column":-1}},"17":{"start":{"line":45,"column":32},"end":{"line":45,"column":6}},"18":{"start":{"line":50,"column":6},"end":{"line":58,"column":7}},"19":{"start":{"line":51,"column":8},"end":{"line":null,"column":-1}},"20":{"start":{"line":60,"column":6},"end":{"line":null,"column":-1}},"21":{"start":{"line":62,"column":19},"end":{"line":62,"column":6}},"22":{"start":{"line":72,"column":6},"end":{"line":null,"column":-1}},"23":{"start":{"line":74,"column":6},"end":{"line":80,"column":7}},"24":{"start":{"line":75,"column":8},"end":{"line":null,"column":-1}},"25":{"start":{"line":82,"column":6},"end":{"line":null,"column":-1}}},"fnMap":{"0":{"name":"(anonymous_6)","decl":{"start":{"line":29,"column":17},"end":{"line":29,"column":27}},"loc":{"start":{"line":29,"column":28},"end":{"line":null,"column":-1}}},"1":{"name":"(anonymous_7)","decl":{"start":{"line":29,"column":28},"end":{"line":29,"column":27}},"loc":{"start":{"line":29,"column":28},"end":{"line":29,"column":27}}},"2":{"name":"(anonymous_8)","decl":{"start":{"line":35,"column":14},"end":{"line":35,"column":21}},"loc":{"start":{"line":35,"column":76},"end":{"line":null,"column":-1}}},"3":{"name":"(anonymous_9)","decl":{"start":{"line":35,"column":76},"end":{"line":35,"column":75}},"loc":{"start":{"line":35,"column":76},"end":{"line":35,"column":75}}}},"branchMap":{"0":{"loc":{"start":{"line":50,"column":6},"end":{"line":58,"column":7}},"type":"if","locations":[{"start":{"line":50,"column":6},"end":{"line":58,"column":7}},{"start":{"line":50,"column":6},"end":{"line":58,"column":7}}]},"1":{"loc":{"start":{"line":74,"column":6},"end":{"line":80,"column":7}},"type":"if","locations":[{"start":{"line":74,"column":6},"end":{"line":80,"column":7}},{"start":{"line":74,"column":6},"end":{"line":80,"column":7}}]}},"s":{"0":0,"1":0,"2":0,"3":0,"4":0,"5":0,"6":0,"7":0,"8":0,"9":0,"10":0,"11":0,"12":0,"13":0,"14":0,"15":0,"16":0,"17":0,"18":0,"19":0,"20":0,"21":0,"22":0,"23":0,"24":0,"25":0},"f":{"0":0,"1":0,"2":0,"3":0},"b":{"0":[0,0],"1":[0,0]}}
,"/Users/development/Desktop/instagram/packages/server/src/routes/confirmEmail.ts": {"path":"/Users/development/Desktop/instagram/packages/server/src/routes/confirmEmail.ts","statementMap":{"0":{"start":{"line":2,"column":0},"end":{"line":2,"column":-1}},"1":{"start":{"line":3,"column":0},"end":{"line":3,"column":-1}},"2":{"start":{"line":5,"column":13},"end":{"line":null,"column":-1}},"3":{"start":{"line":5,"column":66},"end":{"line":5,"column":13}},"4":{"start":{"line":6,"column":17},"end":{"line":6,"column":2}},"5":{"start":{"line":7,"column":17},"end":{"line":7,"column":2}},"6":{"start":{"line":8,"column":2},"end":{"line":14,"column":3}},"7":{"start":{"line":9,"column":4},"end":{"line":null,"column":-1}},"8":{"start":{"line":10,"column":4},"end":{"line":null,"column":-1}},"9":{"start":{"line":11,"column":4},"end":{"line":null,"column":-1}},"10":{"start":{"line":13,"column":4},"end":{"line":null,"column":-1}}},"fnMap":{"0":{"name":"(anonymous_6)","decl":{"start":{"line":5,"column":28},"end":{"line":5,"column":35}},"loc":{"start":{"line":5,"column":66},"end":{"line":5,"column":13}}},"1":{"name":"(anonymous_7)","decl":{"start":{"line":5,"column":66},"end":{"line":5,"column":65}},"loc":{"start":{"line":5,"column":66},"end":{"line":5,"column":65}}}},"branchMap":{"0":{"loc":{"start":{"line":8,"column":2},"end":{"line":14,"column":3}},"type":"if","locations":[{"start":{"line":8,"column":2},"end":{"line":14,"column":3}},{"start":{"line":8,"column":2},"end":{"line":14,"column":3}}]}},"s":{"0":0,"1":0,"2":0,"3":0,"4":0,"5":0,"6":0,"7":0,"8":0,"9":0,"10":0},"f":{"0":0,"1":0},"b":{"0":[0,0]}}
,"/Users/development/Desktop/instagram/packages/server/src/testUtils/setup.ts": {"path":"/Users/development/Desktop/instagram/packages/server/src/testUtils/setup.ts","statementMap":{"0":{"start":{"line":1,"column":0},"end":{"line":1,"column":-1}},"1":{"start":{"line":3,"column":13},"end":{"line":null,"column":-1}},"2":{"start":{"line":3,"column":32},"end":{"line":3,"column":13}},"3":{"start":{"line":4,"column":2},"end":{"line":null,"column":-1}},"4":{"start":{"line":5,"column":2},"end":{"line":null,"column":-1}}},"fnMap":{"0":{"name":"(anonymous_6)","decl":{"start":{"line":3,"column":21},"end":{"line":3,"column":31}},"loc":{"start":{"line":3,"column":32},"end":{"line":3,"column":13}}},"1":{"name":"(anonymous_7)","decl":{"start":{"line":3,"column":32},"end":{"line":3,"column":31}},"loc":{"start":{"line":3,"column":32},"end":{"line":3,"column":31}}}},"branchMap":{},"s":{"0":0,"1":0,"2":0,"3":0,"4":0},"f":{"0":0,"1":0},"b":{}}
,"/Users/development/Desktop/instagram/packages/server/src/utils/sendEmail.ts": {"path":"/Users/development/Desktop/instagram/packages/server/src/utils/sendEmail.ts","statementMap":{"0":{"start":{"line":1,"column":0},"end":{"line":1,"column":-1}},"1":{"start":{"line":3,"column":13},"end":{"line":null,"column":-1}},"2":{"start":{"line":7,"column":4},"end":{"line":3,"column":13}},"3":{"start":{"line":8,"column":2},"end":{"line":null,"column":-1}},"4":{"start":{"line":9,"column":4},"end":{"line":11,"column":5}},"5":{"start":{"line":10,"column":6},"end":{"line":null,"column":-1}},"6":{"start":{"line":12,"column":24},"end":{"line":12,"column":4}},"7":{"start":{"line":22,"column":20},"end":{"line":22,"column":4}},"8":{"start":{"line":35,"column":4},"end":{"line":null,"column":-1}},"9":{"start":{"line":36,"column":6},"end":{"line":38,"column":7}},"10":{"start":{"line":37,"column":8},"end":{"line":null,"column":-1}},"11":{"start":{"line":40,"column":6},"end":{"line":null,"column":-1}},"12":{"start":{"line":42,"column":6},"end":{"line":null,"column":-1}},"13":{"start":{"line":43,"column":6},"end":{"line":null,"column":-1}}},"fnMap":{"0":{"name":"(anonymous_6)","decl":{"start":{"line":3,"column":25},"end":{"line":4,"column":2}},"loc":{"start":{"line":7,"column":4},"end":{"line":3,"column":13}}},"1":{"name":"(anonymous_7)","decl":{"start":{"line":7,"column":4},"end":{"line":7,"column":3}},"loc":{"start":{"line":7,"column":4},"end":{"line":7,"column":3}}},"2":{"name":"(anonymous_8)","decl":{"start":{"line":8,"column":31},"end":{"line":8,"column":32}},"loc":{"start":{"line":8,"column":49},"end":{"line":8,"column":2}}},"3":{"name":"(anonymous_9)","decl":{"start":{"line":35,"column":34},"end":{"line":35,"column":35}},"loc":{"start":{"line":35,"column":48},"end":{"line":35,"column":4}}}},"branchMap":{"0":{"loc":{"start":{"line":9,"column":4},"end":{"line":11,"column":5}},"type":"if","locations":[{"start":{"line":9,"column":4},"end":{"line":11,"column":5}},{"start":{"line":9,"column":4},"end":{"line":11,"column":5}}]},"1":{"loc":{"start":{"line":36,"column":6},"end":{"line":38,"column":7}},"type":"if","locations":[{"start":{"line":36,"column":6},"end":{"line":38,"column":7}},{"start":{"line":36,"column":6},"end":{"line":38,"column":7}}]}},"s":{"0":0,"1":0,"2":0,"3":0,"4":0,"5":0,"6":0,"7":0,"8":0,"9":0,"10":0,"11":0,"12":0,"13":0},"f":{"0":0,"1":0,"2":0,"3":0},"b":{"0":[0,0],"1":[0,0]}}
}
