TN:
SF:/Users/development/Desktop/instagram/packages/server/src/startServer.ts
FN:23,(anonymous_6)
FN:23,(anonymous_7)
FN:34,(anonymous_8)
FN:34,(anonymous_9)
FN:100,(anonymous_10)
FNF:5
FNH:0
FNDA:0,(anonymous_6)
FNDA:0,(anonymous_7)
FNDA:0,(anonymous_8)
FNDA:0,(anonymous_9)
FNDA:0,(anonymous_10)
DA:1,0
DA:2,0
DA:4,0
DA:5,0
DA:6,0
DA:7,0
DA:8,0
DA:9,0
DA:10,0
DA:12,0
DA:13,0
DA:14,0
DA:15,0
DA:16,0
DA:17,0
DA:18,0
DA:20,0
DA:21,0
DA:23,0
DA:24,0
DA:25,0
DA:28,0
DA:30,0
DA:32,0
DA:34,0
DA:35,0
DA:47,0
DA:49,0
DA:60,0
DA:78,0
DA:80,0
DA:88,0
DA:90,0
DA:91,0
DA:93,0
DA:96,0
DA:98,0
DA:100,0
DA:101,0
DA:106,0
DA:107,0
LF:41
LH:0
BRDA:24,0,0,0
BRDA:24,0,1,0
BRDA:37,1,0,0
BRDA:37,1,1,0
BRDA:38,2,0,0
BRDA:38,2,1,0
BRDA:84,3,0,0
BRDA:84,3,1,0
BRDA:90,4,0,0
BRDA:90,4,1,0
BRDA:96,5,0,0
BRDA:96,5,1,0
BRF:12
BRH:0
end_of_record
TN:
SF:/Users/development/Desktop/instagram/packages/server/src/entity/User.ts
FN:39,(anonymous_8)
FNF:1
FNH:1
FNDA:4,(anonymous_8)
DA:1,6
DA:2,6
DA:10,6
DA:12,6
DA:15,6
DA:18,6
DA:21,6
DA:24,6
DA:27,6
DA:30,6
DA:33,6
DA:36,6
DA:39,6
DA:40,4
LF:14
LH:14
BRDA:30,0,0,6
BRDA:30,0,1,0
BRDA:30,1,0,6
BRF:3
BRH:2
end_of_record
TN:
SF:/Users/development/Desktop/instagram/packages/server/src/loaders/UserLoader.ts
FN:6,(anonymous_6)
FN:6,(anonymous_7)
FN:10,(anonymous_8)
FN:14,(anonymous_9)
FN:17,(anonymous_10)
FNF:5
FNH:0
FNDA:0,(anonymous_6)
FNDA:0,(anonymous_7)
FNDA:0,(anonymous_8)
FNDA:0,(anonymous_9)
FNDA:0,(anonymous_10)
DA:1,0
DA:2,0
DA:6,0
DA:7,0
DA:9,0
DA:10,0
DA:11,0
DA:14,0
DA:17,0
LF:9
LH:0
BRF:0
BRH:0
end_of_record
TN:
SF:/Users/development/Desktop/instagram/packages/server/src/modules/user/delete/resolvers.ts
FN:7,(anonymous_6)
FN:7,(anonymous_7)
FNF:2
FNH:0
FNDA:0,(anonymous_6)
FNDA:0,(anonymous_7)
DA:1,0
DA:5,0
DA:7,0
DA:8,0
DA:9,0
DA:10,0
DA:11,0
DA:16,0
DA:17,0
LF:9
LH:0
BRDA:10,0,0,0
BRDA:10,0,1,0
BRF:2
BRH:0
end_of_record
TN:
SF:/Users/development/Desktop/instagram/packages/server/src/modules/user/login/resolvers.ts
FN:18,(anonymous_6)
FN:22,(anonymous_7)
FNF:2
FNH:0
FNDA:0,(anonymous_6)
FNDA:0,(anonymous_7)
DA:1,0
DA:2,0
DA:4,0
DA:5,0
DA:7,0
DA:9,0
DA:16,0
DA:22,0
DA:25,0
DA:27,0
DA:38,0
DA:39,0
DA:42,0
DA:43,0
DA:51,0
DA:53,0
DA:54,0
DA:57,0
DA:58,0
DA:59,0
DA:62,0
LF:21
LH:0
BRDA:38,0,0,0
BRDA:38,0,1,0
BRDA:42,1,0,0
BRDA:42,1,1,0
BRDA:53,2,0,0
BRDA:53,2,1,0
BRDA:58,3,0,0
BRDA:58,3,1,0
BRF:8
BRH:0
end_of_record
TN:
SF:/Users/development/Desktop/instagram/packages/server/src/modules/user/register/resolvers.ts
FN:29,(anonymous_6)
FN:29,(anonymous_7)
FN:35,(anonymous_8)
FN:35,(anonymous_9)
FNF:4
FNH:0
FNDA:0,(anonymous_6)
FNDA:0,(anonymous_7)
FNDA:0,(anonymous_8)
FNDA:0,(anonymous_9)
DA:1,0
DA:2,0
DA:8,0
DA:10,0
DA:12,0
DA:13,0
DA:15,0
DA:27,0
DA:29,0
DA:30,0
DA:31,0
DA:35,0
DA:38,0
DA:39,0
DA:40,0
DA:42,0
DA:44,0
DA:49,0
DA:50,0
DA:59,0
DA:61,0
DA:71,0
DA:73,0
DA:74,0
DA:81,0
LF:25
LH:0
BRDA:49,0,0,0
BRDA:49,0,1,0
BRDA:73,1,0,0
BRDA:73,1,1,0
BRF:4
BRH:0
end_of_record
TN:
SF:/Users/development/Desktop/instagram/packages/server/src/utils/TestClient.ts
FN:10,(anonymous_6)
FN:19,(anonymous_7)
FN:50,(anonymous_9)
FN:63,(anonymous_11)
FN:79,(anonymous_13)
FN:95,(anonymous_15)
FNF:6
FNH:5
FNDA:15,(anonymous_6)
FNDA:6,(anonymous_7)
FNDA:2,(anonymous_9)
FNDA:0,(anonymous_11)
FNDA:8,(anonymous_13)
FNDA:9,(anonymous_15)
DA:1,5
DA:3,5
DA:11,15
DA:12,15
DA:26,6
DA:51,2
DA:64,0
DA:80,8
DA:96,9
LF:9
LH:8
BRF:0
BRH:0
end_of_record
